

*******************************************************************************
Tue Nov 12 01:06:50 2019


FIT:    data read from datafile u 1:2
        format = x:z
        #datapoints = 1876
        residuals are weighted equally (unit weight)

function used for fitting: f(x)
	f(x) = a*sin(b*x + c) + d
fitted parameters initialized with current variable values

  21 1.2948457392e+03  -5.16e-02  2.82e-05   -5.898737e+00   1.398159e+00   9.718939e-01  -4.032564e+00

After 21 iterations the fit converged.
final sum of squares of residuals : 1294.85
rel. change during last iteration : -5.16015e-07

degrees of freedom    (FIT_NDF)                        : 1872
rms of residuals      (FIT_STDFIT) = sqrt(WSSR/ndf)    : 0.83168
variance of residuals (reduced chisquare) = WSSR/ndf   : 0.691691

Final set of parameters            Asymptotic Standard Error
=======================            ==========================
a               = -5.89874         +/- 0.02703      (0.4583%)
b               = 1.39816          +/- 0.001103     (0.0789%)
c               = 0.971894         +/- 0.009694     (0.9975%)
d               = -4.03256         +/- 0.01941      (0.4813%)

correlation matrix of the fit parameters:
                a      b      c      d      
a               1.000 
b              -0.047  1.000 
c               0.028 -0.877  1.000 
d              -0.106  0.090 -0.104  1.000 


*******************************************************************************
Tue Nov 12 02:32:46 2019


FIT:    data read from datafile u 1:2
        format = x:z
        #datapoints = 1876
        residuals are weighted equally (unit weight)

function used for fitting: f(x)
	f(x) = a*sin(b*x + c) + d
fitted parameters initialized with current variable values

  21 1.2948457392e+03  -5.16e-02  2.82e-05   -5.898737e+00   1.398159e+00   9.718939e-01  -4.032564e+00

After 21 iterations the fit converged.
final sum of squares of residuals : 1294.85
rel. change during last iteration : -5.16015e-07

degrees of freedom    (FIT_NDF)                        : 1872
rms of residuals      (FIT_STDFIT) = sqrt(WSSR/ndf)    : 0.83168
variance of residuals (reduced chisquare) = WSSR/ndf   : 0.691691

Final set of parameters            Asymptotic Standard Error
=======================            ==========================
a               = -5.89874         +/- 0.02703      (0.4583%)
b               = 1.39816          +/- 0.001103     (0.0789%)
c               = 0.971894         +/- 0.009694     (0.9975%)
d               = -4.03256         +/- 0.01941      (0.4813%)

correlation matrix of the fit parameters:
                a      b      c      d      
a               1.000 
b              -0.047  1.000 
c               0.028 -0.877  1.000 
d              -0.106  0.090 -0.104  1.000 


*******************************************************************************
Tue Nov 12 02:33:32 2019


FIT:    data read from datafile u 1:2
        format = x:z
        #datapoints = 1876
        residuals are weighted equally (unit weight)

function used for fitting: f(x)
	f(x) = a*sin(b*x + c) + d
fitted parameters initialized with current variable values

  21 1.2948457392e+03  -5.16e-02  2.82e-05   -5.898737e+00   1.398159e+00   9.718939e-01  -4.032564e+00

After 21 iterations the fit converged.
final sum of squares of residuals : 1294.85
rel. change during last iteration : -5.16015e-07

degrees of freedom    (FIT_NDF)                        : 1872
rms of residuals      (FIT_STDFIT) = sqrt(WSSR/ndf)    : 0.83168
variance of residuals (reduced chisquare) = WSSR/ndf   : 0.691691

Final set of parameters            Asymptotic Standard Error
=======================            ==========================
a               = -5.89874         +/- 0.02703      (0.4583%)
b               = 1.39816          +/- 0.001103     (0.0789%)
c               = 0.971894         +/- 0.009694     (0.9975%)
d               = -4.03256         +/- 0.01941      (0.4813%)

correlation matrix of the fit parameters:
                a      b      c      d      
a               1.000 
b              -0.047  1.000 
c               0.028 -0.877  1.000 
d              -0.106  0.090 -0.104  1.000 
