

*******************************************************************************
Tue Nov 12 01:06:52 2019


FIT:    data read from datafile u 1:2
        format = x:z
        #datapoints = 1877
        residuals are weighted equally (unit weight)

function used for fitting: f(x)
	f(x) = a*sin(b*x + c) + d
fitted parameters initialized with current variable values

  10 7.9063334210e+02   0.00e+00  5.29e+07   -8.961152e+00   2.049202e+00   1.070904e+00  -3.939781e+00

After 10 iterations the fit converged.
final sum of squares of residuals : 790.633
rel. change during last iteration : 0

degrees of freedom    (FIT_NDF)                        : 1873
rms of residuals      (FIT_STDFIT) = sqrt(WSSR/ndf)    : 0.649709
variance of residuals (reduced chisquare) = WSSR/ndf   : 0.422121

Final set of parameters            Asymptotic Standard Error
=======================            ==========================
a               = -8.96115         +/- 0.0212       (0.2366%)
b               = 2.0492           +/- 0.0005506    (0.02687%)
c               = 1.0709           +/- 0.004864     (0.4542%)
d               = -3.93978         +/- 0.01509      (0.383%)

correlation matrix of the fit parameters:
                a      b      c      d      
a               1.000 
b              -0.017  1.000 
c               0.005 -0.873  1.000 
d               0.018  0.108 -0.104  1.000 


*******************************************************************************
Tue Nov 12 02:32:47 2019


FIT:    data read from datafile u 1:2
        format = x:z
        #datapoints = 1877
        residuals are weighted equally (unit weight)

function used for fitting: f(x)
	f(x) = a*sin(b*x + c) + d
fitted parameters initialized with current variable values

  10 7.9063334210e+02   0.00e+00  5.29e+07   -8.961152e+00   2.049202e+00   1.070904e+00  -3.939781e+00

After 10 iterations the fit converged.
final sum of squares of residuals : 790.633
rel. change during last iteration : 0

degrees of freedom    (FIT_NDF)                        : 1873
rms of residuals      (FIT_STDFIT) = sqrt(WSSR/ndf)    : 0.649709
variance of residuals (reduced chisquare) = WSSR/ndf   : 0.422121

Final set of parameters            Asymptotic Standard Error
=======================            ==========================
a               = -8.96115         +/- 0.0212       (0.2366%)
b               = 2.0492           +/- 0.0005506    (0.02687%)
c               = 1.0709           +/- 0.004864     (0.4542%)
d               = -3.93978         +/- 0.01509      (0.383%)

correlation matrix of the fit parameters:
                a      b      c      d      
a               1.000 
b              -0.017  1.000 
c               0.005 -0.873  1.000 
d               0.018  0.108 -0.104  1.000 


*******************************************************************************
Tue Nov 12 02:33:33 2019


FIT:    data read from datafile u 1:2
        format = x:z
        #datapoints = 1877
        residuals are weighted equally (unit weight)

function used for fitting: f(x)
	f(x) = a*sin(b*x + c) + d
fitted parameters initialized with current variable values

  10 7.9063334210e+02   0.00e+00  5.29e+07   -8.961152e+00   2.049202e+00   1.070904e+00  -3.939781e+00

After 10 iterations the fit converged.
final sum of squares of residuals : 790.633
rel. change during last iteration : 0

degrees of freedom    (FIT_NDF)                        : 1873
rms of residuals      (FIT_STDFIT) = sqrt(WSSR/ndf)    : 0.649709
variance of residuals (reduced chisquare) = WSSR/ndf   : 0.422121

Final set of parameters            Asymptotic Standard Error
=======================            ==========================
a               = -8.96115         +/- 0.0212       (0.2366%)
b               = 2.0492           +/- 0.0005506    (0.02687%)
c               = 1.0709           +/- 0.004864     (0.4542%)
d               = -3.93978         +/- 0.01509      (0.383%)

correlation matrix of the fit parameters:
                a      b      c      d      
a               1.000 
b              -0.017  1.000 
c               0.005 -0.873  1.000 
d               0.018  0.108 -0.104  1.000 
