

*******************************************************************************
Tue Nov 12 01:06:52 2019


FIT:    data read from datafile u 1:2
        format = x:z
        #datapoints = 1876
        residuals are weighted equally (unit weight)

function used for fitting: f(x)
	f(x) = a*sin(b*x + c) + d
fitted parameters initialized with current variable values

   6 1.4972590652e+03  -5.38e-04  6.56e-05   -9.192060e+00   2.095936e+00   1.400230e+00  -3.961715e+00

After 6 iterations the fit converged.
final sum of squares of residuals : 1497.26
rel. change during last iteration : -5.38058e-09

degrees of freedom    (FIT_NDF)                        : 1872
rms of residuals      (FIT_STDFIT) = sqrt(WSSR/ndf)    : 0.894325
variance of residuals (reduced chisquare) = WSSR/ndf   : 0.799818

Final set of parameters            Asymptotic Standard Error
=======================            ==========================
a               = -9.19206         +/- 0.0292       (0.3177%)
b               = 2.09594          +/- 0.0007474    (0.03566%)
c               = 1.40023          +/- 0.006489     (0.4634%)
d               = -3.96172         +/- 0.0209       (0.5276%)

correlation matrix of the fit parameters:
                a      b      c      d      
a               1.000 
b               0.036  1.000 
c              -0.032 -0.872  1.000 
d               0.004  0.155 -0.135  1.000 


*******************************************************************************
Tue Nov 12 02:32:48 2019


FIT:    data read from datafile u 1:2
        format = x:z
        #datapoints = 1876
        residuals are weighted equally (unit weight)

function used for fitting: f(x)
	f(x) = a*sin(b*x + c) + d
fitted parameters initialized with current variable values

   6 1.4972590652e+03  -5.38e-04  6.56e-05   -9.192060e+00   2.095936e+00   1.400230e+00  -3.961715e+00

After 6 iterations the fit converged.
final sum of squares of residuals : 1497.26
rel. change during last iteration : -5.38058e-09

degrees of freedom    (FIT_NDF)                        : 1872
rms of residuals      (FIT_STDFIT) = sqrt(WSSR/ndf)    : 0.894325
variance of residuals (reduced chisquare) = WSSR/ndf   : 0.799818

Final set of parameters            Asymptotic Standard Error
=======================            ==========================
a               = -9.19206         +/- 0.0292       (0.3177%)
b               = 2.09594          +/- 0.0007474    (0.03566%)
c               = 1.40023          +/- 0.006489     (0.4634%)
d               = -3.96172         +/- 0.0209       (0.5276%)

correlation matrix of the fit parameters:
                a      b      c      d      
a               1.000 
b               0.036  1.000 
c              -0.032 -0.872  1.000 
d               0.004  0.155 -0.135  1.000 


*******************************************************************************
Tue Nov 12 02:33:33 2019


FIT:    data read from datafile u 1:2
        format = x:z
        #datapoints = 1876
        residuals are weighted equally (unit weight)

function used for fitting: f(x)
	f(x) = a*sin(b*x + c) + d
fitted parameters initialized with current variable values

   6 1.4972590652e+03  -5.38e-04  6.56e-05   -9.192060e+00   2.095936e+00   1.400230e+00  -3.961715e+00

After 6 iterations the fit converged.
final sum of squares of residuals : 1497.26
rel. change during last iteration : -5.38058e-09

degrees of freedom    (FIT_NDF)                        : 1872
rms of residuals      (FIT_STDFIT) = sqrt(WSSR/ndf)    : 0.894325
variance of residuals (reduced chisquare) = WSSR/ndf   : 0.799818

Final set of parameters            Asymptotic Standard Error
=======================            ==========================
a               = -9.19206         +/- 0.0292       (0.3177%)
b               = 2.09594          +/- 0.0007474    (0.03566%)
c               = 1.40023          +/- 0.006489     (0.4634%)
d               = -3.96172         +/- 0.0209       (0.5276%)

correlation matrix of the fit parameters:
                a      b      c      d      
a               1.000 
b               0.036  1.000 
c              -0.032 -0.872  1.000 
d               0.004  0.155 -0.135  1.000 
