

*******************************************************************************
Tue Nov 12 01:06:54 2019


FIT:    data read from datafile u 1:2
        format = x:z
        #datapoints = 1876
        residuals are weighted equally (unit weight)

function used for fitting: f(x)
	f(x) = a*sin(b*x + c) + d
fitted parameters initialized with current variable values

  17 9.9144455028e+02  -2.76e-01  6.57e-04    1.488550e+01   2.467864e+00   9.605955e-01  -3.711469e+00

After 17 iterations the fit converged.
final sum of squares of residuals : 991.445
rel. change during last iteration : -2.76011e-06

degrees of freedom    (FIT_NDF)                        : 1872
rms of residuals      (FIT_STDFIT) = sqrt(WSSR/ndf)    : 0.727748
variance of residuals (reduced chisquare) = WSSR/ndf   : 0.529618

Final set of parameters            Asymptotic Standard Error
=======================            ==========================
a               = 14.8855          +/- 0.02373      (0.1594%)
b               = 2.46786          +/- 0.0003718    (0.01507%)
c               = 0.960596         +/- 0.003274     (0.3408%)
d               = -3.71147         +/- 0.01686      (0.4543%)

correlation matrix of the fit parameters:
                a      b      c      d      
a               1.000 
b               0.028  1.000 
c              -0.016 -0.872  1.000 
d               0.013 -0.081  0.080  1.000 


*******************************************************************************
Tue Nov 12 02:32:49 2019


FIT:    data read from datafile u 1:2
        format = x:z
        #datapoints = 1876
        residuals are weighted equally (unit weight)

function used for fitting: f(x)
	f(x) = a*sin(b*x + c) + d
fitted parameters initialized with current variable values

  17 9.9144455028e+02  -2.76e-01  6.57e-04    1.488550e+01   2.467864e+00   9.605955e-01  -3.711469e+00

After 17 iterations the fit converged.
final sum of squares of residuals : 991.445
rel. change during last iteration : -2.76011e-06

degrees of freedom    (FIT_NDF)                        : 1872
rms of residuals      (FIT_STDFIT) = sqrt(WSSR/ndf)    : 0.727748
variance of residuals (reduced chisquare) = WSSR/ndf   : 0.529618

Final set of parameters            Asymptotic Standard Error
=======================            ==========================
a               = 14.8855          +/- 0.02373      (0.1594%)
b               = 2.46786          +/- 0.0003718    (0.01507%)
c               = 0.960596         +/- 0.003274     (0.3408%)
d               = -3.71147         +/- 0.01686      (0.4543%)

correlation matrix of the fit parameters:
                a      b      c      d      
a               1.000 
b               0.028  1.000 
c              -0.016 -0.872  1.000 
d               0.013 -0.081  0.080  1.000 


*******************************************************************************
Tue Nov 12 02:33:35 2019


FIT:    data read from datafile u 1:2
        format = x:z
        #datapoints = 1876
        residuals are weighted equally (unit weight)

function used for fitting: f(x)
	f(x) = a*sin(b*x + c) + d
fitted parameters initialized with current variable values

  17 9.9144455028e+02  -2.76e-01  6.57e-04    1.488550e+01   2.467864e+00   9.605955e-01  -3.711469e+00

After 17 iterations the fit converged.
final sum of squares of residuals : 991.445
rel. change during last iteration : -2.76011e-06

degrees of freedom    (FIT_NDF)                        : 1872
rms of residuals      (FIT_STDFIT) = sqrt(WSSR/ndf)    : 0.727748
variance of residuals (reduced chisquare) = WSSR/ndf   : 0.529618

Final set of parameters            Asymptotic Standard Error
=======================            ==========================
a               = 14.8855          +/- 0.02373      (0.1594%)
b               = 2.46786          +/- 0.0003718    (0.01507%)
c               = 0.960596         +/- 0.003274     (0.3408%)
d               = -3.71147         +/- 0.01686      (0.4543%)

correlation matrix of the fit parameters:
                a      b      c      d      
a               1.000 
b               0.028  1.000 
c              -0.016 -0.872  1.000 
d               0.013 -0.081  0.080  1.000 
