

*******************************************************************************
Tue Nov 12 01:07:00 2019


FIT:    data read from datafile u 1:2
        format = x:z
        #datapoints = 1877
        residuals are weighted equally (unit weight)

function used for fitting: f(x)
	f(x) = a*sin(b*x + c) + d
fitted parameters initialized with current variable values

  19 1.2345190134e+03   0.00e+00  1.39e+08   -2.006975e+01   2.803981e+00  -2.620806e+00  -3.919709e+00

After 19 iterations the fit converged.
final sum of squares of residuals : 1234.52
rel. change during last iteration : 0

degrees of freedom    (FIT_NDF)                        : 1873
rms of residuals      (FIT_STDFIT) = sqrt(WSSR/ndf)    : 0.811858
variance of residuals (reduced chisquare) = WSSR/ndf   : 0.659113

Final set of parameters            Asymptotic Standard Error
=======================            ==========================
a               = -20.0697         +/- 0.02632      (0.1311%)
b               = 2.80398          +/- 0.0003123    (0.01114%)
c               = -2.62081         +/- 0.002704     (0.1032%)
d               = -3.91971         +/- 0.01878      (0.479%)

correlation matrix of the fit parameters:
                a      b      c      d      
a               1.000 
b              -0.019  1.000 
c               0.026 -0.870  1.000 
d               0.022  0.029 -0.001  1.000 


*******************************************************************************
Tue Nov 12 02:32:54 2019


FIT:    data read from datafile u 1:2
        format = x:z
        #datapoints = 1877
        residuals are weighted equally (unit weight)

function used for fitting: f(x)
	f(x) = a*sin(b*x + c) + d
fitted parameters initialized with current variable values

  19 1.2345190134e+03   0.00e+00  1.39e+08   -2.006975e+01   2.803981e+00  -2.620806e+00  -3.919709e+00

After 19 iterations the fit converged.
final sum of squares of residuals : 1234.52
rel. change during last iteration : 0

degrees of freedom    (FIT_NDF)                        : 1873
rms of residuals      (FIT_STDFIT) = sqrt(WSSR/ndf)    : 0.811858
variance of residuals (reduced chisquare) = WSSR/ndf   : 0.659113

Final set of parameters            Asymptotic Standard Error
=======================            ==========================
a               = -20.0697         +/- 0.02632      (0.1311%)
b               = 2.80398          +/- 0.0003123    (0.01114%)
c               = -2.62081         +/- 0.002704     (0.1032%)
d               = -3.91971         +/- 0.01878      (0.479%)

correlation matrix of the fit parameters:
                a      b      c      d      
a               1.000 
b              -0.019  1.000 
c               0.026 -0.870  1.000 
d               0.022  0.029 -0.001  1.000 


*******************************************************************************
Tue Nov 12 02:33:39 2019


FIT:    data read from datafile u 1:2
        format = x:z
        #datapoints = 1877
        residuals are weighted equally (unit weight)

function used for fitting: f(x)
	f(x) = a*sin(b*x + c) + d
fitted parameters initialized with current variable values

  19 1.2345190134e+03   0.00e+00  1.39e+08   -2.006975e+01   2.803981e+00  -2.620806e+00  -3.919709e+00

After 19 iterations the fit converged.
final sum of squares of residuals : 1234.52
rel. change during last iteration : 0

degrees of freedom    (FIT_NDF)                        : 1873
rms of residuals      (FIT_STDFIT) = sqrt(WSSR/ndf)    : 0.811858
variance of residuals (reduced chisquare) = WSSR/ndf   : 0.659113

Final set of parameters            Asymptotic Standard Error
=======================            ==========================
a               = -20.0697         +/- 0.02632      (0.1311%)
b               = 2.80398          +/- 0.0003123    (0.01114%)
c               = -2.62081         +/- 0.002704     (0.1032%)
d               = -3.91971         +/- 0.01878      (0.479%)

correlation matrix of the fit parameters:
                a      b      c      d      
a               1.000 
b              -0.019  1.000 
c               0.026 -0.870  1.000 
d               0.022  0.029 -0.001  1.000 
