

*******************************************************************************
Tue Nov 12 01:07:03 2019


FIT:    data read from datafile u 1:2
        format = x:z
        #datapoints = 1877
        residuals are weighted equally (unit weight)

function used for fitting: f(x)
	f(x) = a*sin(b*x + c) + d
fitted parameters initialized with current variable values

  19 9.5955415434e+02  -4.28e-02  1.84e-05   -4.919297e+00   3.918786e+00  -1.538929e+00  -3.729305e+00

After 19 iterations the fit converged.
final sum of squares of residuals : 959.554
rel. change during last iteration : -4.27501e-07

degrees of freedom    (FIT_NDF)                        : 1873
rms of residuals      (FIT_STDFIT) = sqrt(WSSR/ndf)    : 0.715757
variance of residuals (reduced chisquare) = WSSR/ndf   : 0.512309

Final set of parameters            Asymptotic Standard Error
=======================            ==========================
a               = -4.9193          +/- 0.02348      (0.4773%)
b               = 3.91879          +/- 0.001081     (0.02759%)
c               = -1.53893         +/- 0.009452     (0.6142%)
d               = -3.7293          +/- 0.01654      (0.4434%)

correlation matrix of the fit parameters:
                a      b      c      d      
a               1.000 
b              -0.019  1.000 
c               0.013 -0.866  1.000 
d               0.016 -0.011  0.029  1.000 


*******************************************************************************
Tue Nov 12 02:32:56 2019


FIT:    data read from datafile u 1:2
        format = x:z
        #datapoints = 1877
        residuals are weighted equally (unit weight)

function used for fitting: f(x)
	f(x) = a*sin(b*x + c) + d
fitted parameters initialized with current variable values

  19 9.5955415434e+02  -4.28e-02  1.84e-05   -4.919297e+00   3.918786e+00  -1.538929e+00  -3.729305e+00

After 19 iterations the fit converged.
final sum of squares of residuals : 959.554
rel. change during last iteration : -4.27501e-07

degrees of freedom    (FIT_NDF)                        : 1873
rms of residuals      (FIT_STDFIT) = sqrt(WSSR/ndf)    : 0.715757
variance of residuals (reduced chisquare) = WSSR/ndf   : 0.512309

Final set of parameters            Asymptotic Standard Error
=======================            ==========================
a               = -4.9193          +/- 0.02348      (0.4773%)
b               = 3.91879          +/- 0.001081     (0.02759%)
c               = -1.53893         +/- 0.009452     (0.6142%)
d               = -3.7293          +/- 0.01654      (0.4434%)

correlation matrix of the fit parameters:
                a      b      c      d      
a               1.000 
b              -0.019  1.000 
c               0.013 -0.866  1.000 
d               0.016 -0.011  0.029  1.000 


*******************************************************************************
Tue Nov 12 02:33:40 2019


FIT:    data read from datafile u 1:2
        format = x:z
        #datapoints = 1877
        residuals are weighted equally (unit weight)

function used for fitting: f(x)
	f(x) = a*sin(b*x + c) + d
fitted parameters initialized with current variable values

  19 9.5955415434e+02  -4.28e-02  1.84e-05   -4.919297e+00   3.918786e+00  -1.538929e+00  -3.729305e+00

After 19 iterations the fit converged.
final sum of squares of residuals : 959.554
rel. change during last iteration : -4.27501e-07

degrees of freedom    (FIT_NDF)                        : 1873
rms of residuals      (FIT_STDFIT) = sqrt(WSSR/ndf)    : 0.715757
variance of residuals (reduced chisquare) = WSSR/ndf   : 0.512309

Final set of parameters            Asymptotic Standard Error
=======================            ==========================
a               = -4.9193          +/- 0.02348      (0.4773%)
b               = 3.91879          +/- 0.001081     (0.02759%)
c               = -1.53893         +/- 0.009452     (0.6142%)
d               = -3.7293          +/- 0.01654      (0.4434%)

correlation matrix of the fit parameters:
                a      b      c      d      
a               1.000 
b              -0.019  1.000 
c               0.013 -0.866  1.000 
d               0.016 -0.011  0.029  1.000 
