

*******************************************************************************
Tue Nov 12 01:07:04 2019


FIT:    data read from datafile u 1:2
        format = x:z
        #datapoints = 1876
        residuals are weighted equally (unit weight)

function used for fitting: f(x)
	f(x) = a*sin(b*x + c) + d
fitted parameters initialized with current variable values

  50 1.1519853330e+03  -1.05e-02  4.85e-04    3.696920e+00   4.279822e+00  -1.432762e+00  -3.800275e+00

After 50 iterations the fit converged.
final sum of squares of residuals : 1151.99
rel. change during last iteration : -1.05173e-07

degrees of freedom    (FIT_NDF)                        : 1872
rms of residuals      (FIT_STDFIT) = sqrt(WSSR/ndf)    : 0.78446
variance of residuals (reduced chisquare) = WSSR/ndf   : 0.615377

Final set of parameters            Asymptotic Standard Error
=======================            ==========================
a               = 3.69692          +/- 0.02568      (0.6947%)
b               = 4.27982          +/- 0.001591     (0.03717%)
c               = -1.43276         +/- 0.01379      (0.9623%)
d               = -3.80027         +/- 0.01813      (0.4771%)

correlation matrix of the fit parameters:
                a      b      c      d      
a               1.000 
b               0.040  1.000 
c              -0.027 -0.865  1.000 
d               0.019  0.034 -0.040  1.000 


*******************************************************************************
Tue Nov 12 02:32:57 2019


FIT:    data read from datafile u 1:2
        format = x:z
        #datapoints = 1876
        residuals are weighted equally (unit weight)

function used for fitting: f(x)
	f(x) = a*sin(b*x + c) + d
fitted parameters initialized with current variable values

  50 1.1519853330e+03  -1.05e-02  4.85e-04    3.696920e+00   4.279822e+00  -1.432762e+00  -3.800275e+00

After 50 iterations the fit converged.
final sum of squares of residuals : 1151.99
rel. change during last iteration : -1.05173e-07

degrees of freedom    (FIT_NDF)                        : 1872
rms of residuals      (FIT_STDFIT) = sqrt(WSSR/ndf)    : 0.78446
variance of residuals (reduced chisquare) = WSSR/ndf   : 0.615377

Final set of parameters            Asymptotic Standard Error
=======================            ==========================
a               = 3.69692          +/- 0.02568      (0.6947%)
b               = 4.27982          +/- 0.001591     (0.03717%)
c               = -1.43276         +/- 0.01379      (0.9623%)
d               = -3.80027         +/- 0.01813      (0.4771%)

correlation matrix of the fit parameters:
                a      b      c      d      
a               1.000 
b               0.040  1.000 
c              -0.027 -0.865  1.000 
d               0.019  0.034 -0.040  1.000 


*******************************************************************************
Tue Nov 12 02:33:41 2019


FIT:    data read from datafile u 1:2
        format = x:z
        #datapoints = 1876
        residuals are weighted equally (unit weight)

function used for fitting: f(x)
	f(x) = a*sin(b*x + c) + d
fitted parameters initialized with current variable values

  50 1.1519853330e+03  -1.05e-02  4.85e-04    3.696920e+00   4.279822e+00  -1.432762e+00  -3.800275e+00

After 50 iterations the fit converged.
final sum of squares of residuals : 1151.99
rel. change during last iteration : -1.05173e-07

degrees of freedom    (FIT_NDF)                        : 1872
rms of residuals      (FIT_STDFIT) = sqrt(WSSR/ndf)    : 0.78446
variance of residuals (reduced chisquare) = WSSR/ndf   : 0.615377

Final set of parameters            Asymptotic Standard Error
=======================            ==========================
a               = 3.69692          +/- 0.02568      (0.6947%)
b               = 4.27982          +/- 0.001591     (0.03717%)
c               = -1.43276         +/- 0.01379      (0.9623%)
d               = -3.80027         +/- 0.01813      (0.4771%)

correlation matrix of the fit parameters:
                a      b      c      d      
a               1.000 
b               0.040  1.000 
c              -0.027 -0.865  1.000 
d               0.019  0.034 -0.040  1.000 
