

*******************************************************************************
Tue Nov 12 01:07:08 2019


FIT:    data read from datafile u 1:2
        format = x:z
        #datapoints = 1877
        residuals are weighted equally (unit weight)

function used for fitting: f(x)
	f(x) = a*sin(b*x + c) + d
fitted parameters initialized with current variable values

  10 8.1451043045e+02  -1.58e-03  6.07e+00   -1.574840e+00   5.798274e+00  -1.663565e+00  -3.803708e+00

After 10 iterations the fit converged.
final sum of squares of residuals : 814.51
rel. change during last iteration : -1.57642e-08

degrees of freedom    (FIT_NDF)                        : 1873
rms of residuals      (FIT_STDFIT) = sqrt(WSSR/ndf)    : 0.659446
variance of residuals (reduced chisquare) = WSSR/ndf   : 0.434869

Final set of parameters            Asymptotic Standard Error
=======================            ==========================
a               = -1.57484         +/- 0.02159      (1.371%)
b               = 5.79827          +/- 0.003135     (0.05407%)
c               = -1.66356         +/- 0.02732      (1.642%)
d               = -3.80371         +/- 0.01524      (0.4006%)

correlation matrix of the fit parameters:
                a      b      c      d      
a               1.000 
b              -0.044  1.000 
c               0.035 -0.866  1.000 
d              -0.010 -0.045  0.043  1.000 


*******************************************************************************
Tue Nov 12 02:33:00 2019


FIT:    data read from datafile u 1:2
        format = x:z
        #datapoints = 1877
        residuals are weighted equally (unit weight)

function used for fitting: f(x)
	f(x) = a*sin(b*x + c) + d
fitted parameters initialized with current variable values

  10 8.1451043045e+02  -1.58e-03  6.07e+00   -1.574840e+00   5.798274e+00  -1.663565e+00  -3.803708e+00

After 10 iterations the fit converged.
final sum of squares of residuals : 814.51
rel. change during last iteration : -1.57642e-08

degrees of freedom    (FIT_NDF)                        : 1873
rms of residuals      (FIT_STDFIT) = sqrt(WSSR/ndf)    : 0.659446
variance of residuals (reduced chisquare) = WSSR/ndf   : 0.434869

Final set of parameters            Asymptotic Standard Error
=======================            ==========================
a               = -1.57484         +/- 0.02159      (1.371%)
b               = 5.79827          +/- 0.003135     (0.05407%)
c               = -1.66356         +/- 0.02732      (1.642%)
d               = -3.80371         +/- 0.01524      (0.4006%)

correlation matrix of the fit parameters:
                a      b      c      d      
a               1.000 
b              -0.044  1.000 
c               0.035 -0.866  1.000 
d              -0.010 -0.045  0.043  1.000 


*******************************************************************************
Tue Nov 12 02:33:44 2019


FIT:    data read from datafile u 1:2
        format = x:z
        #datapoints = 1877
        residuals are weighted equally (unit weight)

function used for fitting: f(x)
	f(x) = a*sin(b*x + c) + d
fitted parameters initialized with current variable values

  10 8.1451043045e+02  -1.58e-03  6.07e+00   -1.574840e+00   5.798274e+00  -1.663565e+00  -3.803708e+00

After 10 iterations the fit converged.
final sum of squares of residuals : 814.51
rel. change during last iteration : -1.57642e-08

degrees of freedom    (FIT_NDF)                        : 1873
rms of residuals      (FIT_STDFIT) = sqrt(WSSR/ndf)    : 0.659446
variance of residuals (reduced chisquare) = WSSR/ndf   : 0.434869

Final set of parameters            Asymptotic Standard Error
=======================            ==========================
a               = -1.57484         +/- 0.02159      (1.371%)
b               = 5.79827          +/- 0.003135     (0.05407%)
c               = -1.66356         +/- 0.02732      (1.642%)
d               = -3.80371         +/- 0.01524      (0.4006%)

correlation matrix of the fit parameters:
                a      b      c      d      
a               1.000 
b              -0.044  1.000 
c               0.035 -0.866  1.000 
d              -0.010 -0.045  0.043  1.000 
