

*******************************************************************************
Tue Dec 17 23:30:04 2019


FIT:    data read from datafitfile u 1:3
        format = x:z
        #datapoints = 6
        residuals are weighted equally (unit weight)

function used for fitting: f(x)
	f(x) = a*x + b
fitted parameters initialized with current variable values

iter      chisq       delta/lim  lambda   a             b            
   0 9.8346389420e+04   0.00e+00  2.08e+00    1.000000e+00   1.000000e+00
   4 7.8433158518e+01  -2.82e-03  2.08e-04    3.127635e+01   4.673271e+01

After 4 iterations the fit converged.
final sum of squares of residuals : 78.4332
rel. change during last iteration : -2.81665e-08

degrees of freedom    (FIT_NDF)                        : 4
rms of residuals      (FIT_STDFIT) = sqrt(WSSR/ndf)    : 4.42812
variance of residuals (reduced chisquare) = WSSR/ndf   : 19.6083

Final set of parameters            Asymptotic Standard Error
=======================            ==========================
a               = 31.2763          +/- 2.163        (6.916%)
b               = 46.7327          +/- 5.976        (12.79%)

correlation matrix of the fit parameters:
                a      b      
a               1.000 
b              -0.953  1.000 


*******************************************************************************
Tue Dec 17 23:34:30 2019


FIT:    data read from datafitfile u 1:3
        format = x:z
        #datapoints = 6
        residuals are weighted equally (unit weight)

function used for fitting: f(x)
	f(x) = a*x + b
fitted parameters initialized with current variable values

iter      chisq       delta/lim  lambda   a             b            
   0 7.8139642000e+02   0.00e+00  9.34e+00    1.000000e+00   1.000000e+00
   5 8.1568684324e-02  -1.64e-04  9.34e-05    3.138279e-01  -1.415380e+00

After 5 iterations the fit converged.
final sum of squares of residuals : 0.0815687
rel. change during last iteration : -1.6359e-09

degrees of freedom    (FIT_NDF)                        : 4
rms of residuals      (FIT_STDFIT) = sqrt(WSSR/ndf)    : 0.142801
variance of residuals (reduced chisquare) = WSSR/ndf   : 0.0203922

Final set of parameters            Asymptotic Standard Error
=======================            ==========================
a               = 0.313828         +/- 0.02211      (7.045%)
b               = -1.41538         +/- 0.2911       (20.57%)

correlation matrix of the fit parameters:
                a      b      
a               1.000 
b              -0.980  1.000 


*******************************************************************************
Tue Dec 17 23:35:03 2019


FIT:    data read from datafitfile u 1:3
        format = x:z
        #datapoints = 6
        residuals are weighted equally (unit weight)

function used for fitting: f(x)
	f(x) = a*x + b
fitted parameters initialized with current variable values

iter      chisq       delta/lim  lambda   a             b            
   0 7.8139642000e+02   0.00e+00  9.34e+00    1.000000e+00   1.000000e+00
   5 8.1568684324e-02  -1.64e-04  9.34e-05    3.138279e-01  -1.415380e+00

After 5 iterations the fit converged.
final sum of squares of residuals : 0.0815687
rel. change during last iteration : -1.6359e-09

degrees of freedom    (FIT_NDF)                        : 4
rms of residuals      (FIT_STDFIT) = sqrt(WSSR/ndf)    : 0.142801
variance of residuals (reduced chisquare) = WSSR/ndf   : 0.0203922

Final set of parameters            Asymptotic Standard Error
=======================            ==========================
a               = 0.313828         +/- 0.02211      (7.045%)
b               = -1.41538         +/- 0.2911       (20.57%)

correlation matrix of the fit parameters:
                a      b      
a               1.000 
b              -0.980  1.000 


*******************************************************************************
Tue Dec 17 23:35:21 2019


FIT:    data read from datafitfile u 1:3
        format = x:z
        #datapoints = 6
        residuals are weighted equally (unit weight)

function used for fitting: f(x)
	f(x) = a*x + b
fitted parameters initialized with current variable values

iter      chisq       delta/lim  lambda   a             b            
   0 7.8139642000e+02   0.00e+00  9.34e+00    1.000000e+00   1.000000e+00
   5 8.1568684324e-02  -1.64e-04  9.34e-05    3.138279e-01  -1.415380e+00

After 5 iterations the fit converged.
final sum of squares of residuals : 0.0815687
rel. change during last iteration : -1.6359e-09

degrees of freedom    (FIT_NDF)                        : 4
rms of residuals      (FIT_STDFIT) = sqrt(WSSR/ndf)    : 0.142801
variance of residuals (reduced chisquare) = WSSR/ndf   : 0.0203922

Final set of parameters            Asymptotic Standard Error
=======================            ==========================
a               = 0.313828         +/- 0.02211      (7.045%)
b               = -1.41538         +/- 0.2911       (20.57%)

correlation matrix of the fit parameters:
                a      b      
a               1.000 
b              -0.980  1.000 


*******************************************************************************
Tue Dec 17 23:38:32 2019


FIT:    data read from datafitfile u 1:3
        format = x:z
        #datapoints = 6
        residuals are weighted equally (unit weight)

function used for fitting: f(x)
	f(x) = a*x + b
fitted parameters initialized with current variable values

iter      chisq       delta/lim  lambda   a             b            
   0 7.8139642000e+02   0.00e+00  9.34e+00    1.000000e+00   1.000000e+00
   5 8.1568684324e-02  -1.64e-04  9.34e-05    3.138279e-01  -1.415380e+00

After 5 iterations the fit converged.
final sum of squares of residuals : 0.0815687
rel. change during last iteration : -1.6359e-09

degrees of freedom    (FIT_NDF)                        : 4
rms of residuals      (FIT_STDFIT) = sqrt(WSSR/ndf)    : 0.142801
variance of residuals (reduced chisquare) = WSSR/ndf   : 0.0203922

Final set of parameters            Asymptotic Standard Error
=======================            ==========================
a               = 0.313828         +/- 0.02211      (7.045%)
b               = -1.41538         +/- 0.2911       (20.57%)

correlation matrix of the fit parameters:
                a      b      
a               1.000 
b              -0.980  1.000 


*******************************************************************************
Tue Dec 17 23:39:31 2019


FIT:    data read from datafitfile u 3:1
        format = x:z
        #datapoints = 6
        residuals are weighted equally (unit weight)

function used for fitting: f(x)
	f(x) = a*x + b
fitted parameters initialized with current variable values

iter      chisq       delta/lim  lambda   a             b            
   0 5.3498842000e+02   0.00e+00  2.08e+00    1.000000e+00   1.000000e+00
   4 8.1208850477e-01  -1.89e-03  2.08e-04    3.124435e+00   4.673363e+00

After 4 iterations the fit converged.
final sum of squares of residuals : 0.812089
rel. change during last iteration : -1.89086e-08

degrees of freedom    (FIT_NDF)                        : 4
rms of residuals      (FIT_STDFIT) = sqrt(WSSR/ndf)    : 0.45058
variance of residuals (reduced chisquare) = WSSR/ndf   : 0.203022

Final set of parameters            Asymptotic Standard Error
=======================            ==========================
a               = 3.12443          +/- 0.2201       (7.045%)
b               = 4.67336          +/- 0.608        (13.01%)

correlation matrix of the fit parameters:
                a      b      
a               1.000 
b              -0.953  1.000 


*******************************************************************************
Tue Dec 17 23:40:13 2019


FIT:    data read from datafitfile u 3:1
        format = x:z
        #datapoints = 6
        residuals are weighted equally (unit weight)

function used for fitting: f(x)
	f(x) = a*x + b
fitted parameters initialized with current variable values

iter      chisq       delta/lim  lambda   a             b            
   0 5.3498842000e+02   0.00e+00  2.08e+00    1.000000e+00   1.000000e+00
   4 8.1208850477e-01  -1.89e-03  2.08e-04    3.124435e+00   4.673363e+00

After 4 iterations the fit converged.
final sum of squares of residuals : 0.812089
rel. change during last iteration : -1.89086e-08

degrees of freedom    (FIT_NDF)                        : 4
rms of residuals      (FIT_STDFIT) = sqrt(WSSR/ndf)    : 0.45058
variance of residuals (reduced chisquare) = WSSR/ndf   : 0.203022

Final set of parameters            Asymptotic Standard Error
=======================            ==========================
a               = 3.12443          +/- 0.2201       (7.045%)
b               = 4.67336          +/- 0.608        (13.01%)

correlation matrix of the fit parameters:
                a      b      
a               1.000 
b              -0.953  1.000 


*******************************************************************************
Tue Dec 17 23:43:37 2019


FIT:    data read from datafitfile u 3:1
        format = x:z
        #datapoints = 6
        residuals are weighted equally (unit weight)

function used for fitting: f(x)
	f(x) = a*x + b
fitted parameters initialized with current variable values

iter      chisq       delta/lim  lambda   a             b            
   0 5.3498842000e+02   0.00e+00  2.08e+00    1.000000e+00   1.000000e+00
   4 8.1208850477e-01  -1.89e-03  2.08e-04    3.124435e+00   4.673363e+00

After 4 iterations the fit converged.
final sum of squares of residuals : 0.812089
rel. change during last iteration : -1.89086e-08

degrees of freedom    (FIT_NDF)                        : 4
rms of residuals      (FIT_STDFIT) = sqrt(WSSR/ndf)    : 0.45058
variance of residuals (reduced chisquare) = WSSR/ndf   : 0.203022

Final set of parameters            Asymptotic Standard Error
=======================            ==========================
a               = 3.12443          +/- 0.2201       (7.045%)
b               = 4.67336          +/- 0.608        (13.01%)

correlation matrix of the fit parameters:
                a      b      
a               1.000 
b              -0.953  1.000 


*******************************************************************************
Tue Dec 17 23:44:28 2019


FIT:    data read from datafitfile u 3:1
        format = x:z
        #datapoints = 6
        residuals are weighted equally (unit weight)

function used for fitting: f(x)
	f(x) = a*x + b
fitted parameters initialized with current variable values

iter      chisq       delta/lim  lambda   a             b            
   0 5.3498842000e+02   0.00e+00  2.08e+00    1.000000e+00   1.000000e+00
   4 8.1208850477e-01  -1.89e-03  2.08e-04    3.124435e+00   4.673363e+00

After 4 iterations the fit converged.
final sum of squares of residuals : 0.812089
rel. change during last iteration : -1.89086e-08

degrees of freedom    (FIT_NDF)                        : 4
rms of residuals      (FIT_STDFIT) = sqrt(WSSR/ndf)    : 0.45058
variance of residuals (reduced chisquare) = WSSR/ndf   : 0.203022

Final set of parameters            Asymptotic Standard Error
=======================            ==========================
a               = 3.12443          +/- 0.2201       (7.045%)
b               = 4.67336          +/- 0.608        (13.01%)

correlation matrix of the fit parameters:
                a      b      
a               1.000 
b              -0.953  1.000 


*******************************************************************************
Tue Dec 17 23:56:20 2019


FIT:    data read from datafitfile u 1:2
        format = x:z
        #datapoints = 6
        residuals are weighted equally (unit weight)

function used for fitting: f(x)
	f(x) = a*x + b
fitted parameters initialized with current variable values

iter      chisq       delta/lim  lambda   a             b            
   0 1.4902600000e+05   0.00e+00  1.91e+01    1.000000e+00   1.000000e+00
   5 3.3727619048e+02  -1.02e-05  1.91e-04    6.323810e+00   1.557143e+01

After 5 iterations the fit converged.
final sum of squares of residuals : 337.276
rel. change during last iteration : -1.02372e-10

degrees of freedom    (FIT_NDF)                        : 4
rms of residuals      (FIT_STDFIT) = sqrt(WSSR/ndf)    : 9.18254
variance of residuals (reduced chisquare) = WSSR/ndf   : 84.319

Final set of parameters            Asymptotic Standard Error
=======================            ==========================
a               = 6.32381          +/- 0.3658       (5.785%)
b               = 15.5714          +/- 9.884        (63.48%)

correlation matrix of the fit parameters:
                a      b      
a               1.000 
b              -0.925  1.000 


*******************************************************************************
Tue Dec 17 23:57:23 2019


FIT:    data read from datafitfile u 1:2
        format = x:z
        #datapoints = 6
        residuals are weighted equally (unit weight)

function used for fitting: f(x)
	f(x) = a*x + b
fitted parameters initialized with current variable values

iter      chisq       delta/lim  lambda   a             b            
   0 1.4902600000e+05   0.00e+00  1.91e+01    1.000000e+00   1.000000e+00
   5 3.3727619048e+02  -1.02e-05  1.91e-04    6.323810e+00   1.557143e+01

After 5 iterations the fit converged.
final sum of squares of residuals : 337.276
rel. change during last iteration : -1.02372e-10

degrees of freedom    (FIT_NDF)                        : 4
rms of residuals      (FIT_STDFIT) = sqrt(WSSR/ndf)    : 9.18254
variance of residuals (reduced chisquare) = WSSR/ndf   : 84.319

Final set of parameters            Asymptotic Standard Error
=======================            ==========================
a               = 6.32381          +/- 0.3658       (5.785%)
b               = 15.5714          +/- 9.884        (63.48%)

correlation matrix of the fit parameters:
                a      b      
a               1.000 
b              -0.925  1.000 


*******************************************************************************
Wed Dec 18 02:41:07 2019


FIT:    data read from datafitfile u 1:2
        format = x:z
        #datapoints = 6
        residuals are weighted equally (unit weight)

function used for fitting: f(x)
	f(x) = a*x + b
fitted parameters initialized with current variable values

iter      chisq       delta/lim  lambda   a             b            
   0 1.4902600000e+05   0.00e+00  1.91e+01    1.000000e+00   1.000000e+00
   5 3.3727619048e+02  -1.02e-05  1.91e-04    6.323810e+00   1.557143e+01

After 5 iterations the fit converged.
final sum of squares of residuals : 337.276
rel. change during last iteration : -1.02372e-10

degrees of freedom    (FIT_NDF)                        : 4
rms of residuals      (FIT_STDFIT) = sqrt(WSSR/ndf)    : 9.18254
variance of residuals (reduced chisquare) = WSSR/ndf   : 84.319

Final set of parameters            Asymptotic Standard Error
=======================            ==========================
a               = 6.32381          +/- 0.3658       (5.785%)
b               = 15.5714          +/- 9.884        (63.48%)

correlation matrix of the fit parameters:
                a      b      
a               1.000 
b              -0.925  1.000 
