

*******************************************************************************
Tue Nov 26 01:53:46 2019


FIT:    data read from datafile u 3:1
        format = x:z
        #datapoints = 6
        residuals are weighted equally (unit weight)

function used for fitting: f(x)
	f(x) = a*x + b
fitted parameters initialized with current variable values

iter      chisq       delta/lim  lambda   a             b            
   0 2.6928875370e+10   0.00e+00  4.89e+01    1.000000e+00   1.000000e+00
   5 2.0651023427e+07  -5.34e-02  4.89e-04    3.968373e+02   4.585297e+04

After 5 iterations the fit converged.
final sum of squares of residuals : 2.0651e+07
rel. change during last iteration : -5.34282e-07

degrees of freedom    (FIT_NDF)                        : 4
rms of residuals      (FIT_STDFIT) = sqrt(WSSR/ndf)    : 2272.17
variance of residuals (reduced chisquare) = WSSR/ndf   : 5.16276e+06

Final set of parameters            Asymptotic Standard Error
=======================            ==========================
a               = 396.837          +/- 17.68        (4.454%)
b               = 45853            +/- 1222         (2.665%)

correlation matrix of the fit parameters:
                a      b      
a               1.000 
b              -0.651  1.000 


*******************************************************************************
Tue Nov 26 01:54:15 2019


FIT:    data read from datafile u 3:1
        format = x:z
        #datapoints = 5
        residuals are weighted equally (unit weight)

function used for fitting: f(x)
	f(x) = a*x + b
fitted parameters initialized with current variable values

iter      chisq       delta/lim  lambda   a             b            
   0 2.5161692015e+10   0.00e+00  5.36e+01    1.000000e+00   1.000000e+00
   6 1.8447181417e+05  -2.65e-09  5.36e-05    3.822239e+02   4.740491e+04

After 6 iterations the fit converged.
final sum of squares of residuals : 184472
rel. change during last iteration : -2.65051e-14

degrees of freedom    (FIT_NDF)                        : 3
rms of residuals      (FIT_STDFIT) = sqrt(WSSR/ndf)    : 247.973
variance of residuals (reduced chisquare) = WSSR/ndf   : 61490.6

Final set of parameters            Asymptotic Standard Error
=======================            ==========================
a               = 382.224          +/- 2.089        (0.5465%)
b               = 47404.9          +/- 158.2        (0.3337%)

correlation matrix of the fit parameters:
                a      b      
a               1.000 
b              -0.713  1.000 


*******************************************************************************
Tue Nov 26 01:54:45 2019


FIT:    data read from datafile u 3:1
        format = x:z
        #datapoints = 5
        residuals are weighted equally (unit weight)

function used for fitting: f(x)
	f(x) = a*x + b
fitted parameters initialized with current variable values

iter      chisq       delta/lim  lambda   a             b            
   0 2.5161692015e+10   0.00e+00  5.36e+01    1.000000e+00   1.000000e+00
   6 1.8447181417e+05  -2.65e-09  5.36e-05    3.822239e+02   4.740491e+04

After 6 iterations the fit converged.
final sum of squares of residuals : 184472
rel. change during last iteration : -2.65051e-14

degrees of freedom    (FIT_NDF)                        : 3
rms of residuals      (FIT_STDFIT) = sqrt(WSSR/ndf)    : 247.973
variance of residuals (reduced chisquare) = WSSR/ndf   : 61490.6

Final set of parameters            Asymptotic Standard Error
=======================            ==========================
a               = 382.224          +/- 2.089        (0.5465%)
b               = 47404.9          +/- 158.2        (0.3337%)

correlation matrix of the fit parameters:
                a      b      
a               1.000 
b              -0.713  1.000 


*******************************************************************************
Tue Nov 26 01:59:03 2019


FIT:    data read from datafile u 3:1
        format = x:z
        #datapoints = 5
        residuals are weighted equally (unit weight)

function used for fitting: f(x)
	f(x) = a*x + b
fitted parameters initialized with current variable values

iter      chisq       delta/lim  lambda   a             b            
   0 2.5161692015e+10   0.00e+00  5.36e+01    1.000000e+00   1.000000e+00
   6 1.8447181417e+05  -2.65e-09  5.36e-05    3.822239e+02   4.740491e+04

After 6 iterations the fit converged.
final sum of squares of residuals : 184472
rel. change during last iteration : -2.65051e-14

degrees of freedom    (FIT_NDF)                        : 3
rms of residuals      (FIT_STDFIT) = sqrt(WSSR/ndf)    : 247.973
variance of residuals (reduced chisquare) = WSSR/ndf   : 61490.6

Final set of parameters            Asymptotic Standard Error
=======================            ==========================
a               = 382.224          +/- 2.089        (0.5465%)
b               = 47404.9          +/- 158.2        (0.3337%)

correlation matrix of the fit parameters:
                a      b      
a               1.000 
b              -0.713  1.000 


*******************************************************************************
Tue Nov 26 02:00:17 2019


FIT:    data read from datafile u 3:1
        format = x:z
        #datapoints = 5
        residuals are weighted equally (unit weight)

function used for fitting: f(x)
	f(x) = a*x + b
fitted parameters initialized with current variable values

iter      chisq       delta/lim  lambda   a             b            
   0 2.5161692015e+10   0.00e+00  5.36e+01    1.000000e+00   1.000000e+00
   6 1.8447181417e+05  -2.65e-09  5.36e-05    3.822239e+02   4.740491e+04

After 6 iterations the fit converged.
final sum of squares of residuals : 184472
rel. change during last iteration : -2.65051e-14

degrees of freedom    (FIT_NDF)                        : 3
rms of residuals      (FIT_STDFIT) = sqrt(WSSR/ndf)    : 247.973
variance of residuals (reduced chisquare) = WSSR/ndf   : 61490.6

Final set of parameters            Asymptotic Standard Error
=======================            ==========================
a               = 382.224          +/- 2.089        (0.5465%)
b               = 47404.9          +/- 158.2        (0.3337%)

correlation matrix of the fit parameters:
                a      b      
a               1.000 
b              -0.713  1.000 


*******************************************************************************
Tue Nov 26 02:00:35 2019


FIT:    data read from datafile u 3:1
        format = x:z
        #datapoints = 5
        residuals are weighted equally (unit weight)

function used for fitting: f(x)
	f(x) = a*x + b
fitted parameters initialized with current variable values

iter      chisq       delta/lim  lambda   a             b            
   0 2.5161692015e+10   0.00e+00  5.36e+01    1.000000e+00   1.000000e+00
   6 1.8447181417e+05  -2.65e-09  5.36e-05    3.822239e+02   4.740491e+04

After 6 iterations the fit converged.
final sum of squares of residuals : 184472
rel. change during last iteration : -2.65051e-14

degrees of freedom    (FIT_NDF)                        : 3
rms of residuals      (FIT_STDFIT) = sqrt(WSSR/ndf)    : 247.973
variance of residuals (reduced chisquare) = WSSR/ndf   : 61490.6

Final set of parameters            Asymptotic Standard Error
=======================            ==========================
a               = 382.224          +/- 2.089        (0.5465%)
b               = 47404.9          +/- 158.2        (0.3337%)

correlation matrix of the fit parameters:
                a      b      
a               1.000 
b              -0.713  1.000 


*******************************************************************************
Tue Nov 26 02:00:39 2019


FIT:    data read from datafile u 3:1
        format = x:z
        #datapoints = 5
        residuals are weighted equally (unit weight)

function used for fitting: f(x)
	f(x) = a*x + b
fitted parameters initialized with current variable values

iter      chisq       delta/lim  lambda   a             b            
   0 2.5161692015e+10   0.00e+00  5.36e+01    1.000000e+00   1.000000e+00
   6 1.8447181417e+05  -2.65e-09  5.36e-05    3.822239e+02   4.740491e+04

After 6 iterations the fit converged.
final sum of squares of residuals : 184472
rel. change during last iteration : -2.65051e-14

degrees of freedom    (FIT_NDF)                        : 3
rms of residuals      (FIT_STDFIT) = sqrt(WSSR/ndf)    : 247.973
variance of residuals (reduced chisquare) = WSSR/ndf   : 61490.6

Final set of parameters            Asymptotic Standard Error
=======================            ==========================
a               = 382.224          +/- 2.089        (0.5465%)
b               = 47404.9          +/- 158.2        (0.3337%)

correlation matrix of the fit parameters:
                a      b      
a               1.000 
b              -0.713  1.000 


*******************************************************************************
Tue Nov 26 02:04:22 2019


FIT:    data read from datafile u 3:1
        format = x:z
        #datapoints = 5
        residuals are weighted equally (unit weight)

function used for fitting: f(x)
	f(x) = a*x + b
fitted parameters initialized with current variable values

iter      chisq       delta/lim  lambda   a             b            
   0 2.5161692015e+10   0.00e+00  5.36e+01    1.000000e+00   1.000000e+00
   6 1.8447181417e+05  -2.65e-09  5.36e-05    3.822239e+02   4.740491e+04

After 6 iterations the fit converged.
final sum of squares of residuals : 184472
rel. change during last iteration : -2.65051e-14

degrees of freedom    (FIT_NDF)                        : 3
rms of residuals      (FIT_STDFIT) = sqrt(WSSR/ndf)    : 247.973
variance of residuals (reduced chisquare) = WSSR/ndf   : 61490.6

Final set of parameters            Asymptotic Standard Error
=======================            ==========================
a               = 382.224          +/- 2.089        (0.5465%)
b               = 47404.9          +/- 158.2        (0.3337%)

correlation matrix of the fit parameters:
                a      b      
a               1.000 
b              -0.713  1.000 


*******************************************************************************
Tue Nov 26 02:07:29 2019


FIT:    data read from datafile u 3:1
        format = x:z
        #datapoints = 5
        residuals are weighted equally (unit weight)

function used for fitting: f(x)
	f(x) = a*x + b
fitted parameters initialized with current variable values

iter      chisq       delta/lim  lambda   a             b            
   0 2.5161692015e+10   0.00e+00  5.36e+01    1.000000e+00   1.000000e+00
   6 1.8447181417e+05  -2.65e-09  5.36e-05    3.822239e+02   4.740491e+04

After 6 iterations the fit converged.
final sum of squares of residuals : 184472
rel. change during last iteration : -2.65051e-14

degrees of freedom    (FIT_NDF)                        : 3
rms of residuals      (FIT_STDFIT) = sqrt(WSSR/ndf)    : 247.973
variance of residuals (reduced chisquare) = WSSR/ndf   : 61490.6

Final set of parameters            Asymptotic Standard Error
=======================            ==========================
a               = 382.224          +/- 2.089        (0.5465%)
b               = 47404.9          +/- 158.2        (0.3337%)

correlation matrix of the fit parameters:
                a      b      
a               1.000 
b              -0.713  1.000 


*******************************************************************************
Tue Nov 26 02:08:22 2019


FIT:    data read from datafile u 3:1
        format = x:z
        #datapoints = 5
        residuals are weighted equally (unit weight)

function used for fitting: f(x)
	f(x) = a*x + b
fitted parameters initialized with current variable values

iter      chisq       delta/lim  lambda   a             b            
   0 2.5161692015e+10   0.00e+00  5.36e+01    1.000000e+00   1.000000e+00
   6 1.8447181417e+05  -2.65e-09  5.36e-05    3.822239e+02   4.740491e+04

After 6 iterations the fit converged.
final sum of squares of residuals : 184472
rel. change during last iteration : -2.65051e-14

degrees of freedom    (FIT_NDF)                        : 3
rms of residuals      (FIT_STDFIT) = sqrt(WSSR/ndf)    : 247.973
variance of residuals (reduced chisquare) = WSSR/ndf   : 61490.6

Final set of parameters            Asymptotic Standard Error
=======================            ==========================
a               = 382.224          +/- 2.089        (0.5465%)
b               = 47404.9          +/- 158.2        (0.3337%)

correlation matrix of the fit parameters:
                a      b      
a               1.000 
b              -0.713  1.000 
